0 info it worked if it ends with ok
1 verbose cli [ '/Users/Joesonw/.nvm/versions/node/v4.4.3/bin/node',
1 verbose cli   '/Users/Joesonw/.nvm/versions/node/v4.4.3/bin/npm',
1 verbose cli   'start' ]
2 info using npm@2.15.1
3 info using node@v4.4.3
4 verbose stack Error: missing script: start
4 verbose stack     at run (/Users/Joesonw/.nvm/versions/node/v4.4.3/lib/node_modules/npm/lib/run-script.js:142:19)
4 verbose stack     at /Users/Joesonw/.nvm/versions/node/v4.4.3/lib/node_modules/npm/lib/run-script.js:58:5
4 verbose stack     at /Users/Joesonw/.nvm/versions/node/v4.4.3/lib/node_modules/npm/node_modules/read-package-json/read-json.js:345:5
4 verbose stack     at checkBinReferences_ (/Users/Joesonw/.nvm/versions/node/v4.4.3/lib/node_modules/npm/node_modules/read-package-json/read-json.js:309:45)
4 verbose stack     at final (/Users/Joesonw/.nvm/versions/node/v4.4.3/lib/node_modules/npm/node_modules/read-package-json/read-json.js:343:3)
4 verbose stack     at then (/Users/Joesonw/.nvm/versions/node/v4.4.3/lib/node_modules/npm/node_modules/read-package-json/read-json.js:113:5)
4 verbose stack     at ReadFileContext.<anonymous> (/Users/Joesonw/.nvm/versions/node/v4.4.3/lib/node_modules/npm/node_modules/read-package-json/read-json.js:284:20)
4 verbose stack     at ReadFileContext.callback (/Users/Joesonw/.nvm/versions/node/v4.4.3/lib/node_modules/npm/node_modules/graceful-fs/graceful-fs.js:78:16)
4 verbose stack     at FSReqWrap.readFileAfterOpen [as oncomplete] (fs.js:303:13)
5 verbose cwd /Users/Joesonw/yiyi/centralized-user-management-service/web
6 error Darwin 15.4.0
7 error argv "/Users/Joesonw/.nvm/versions/node/v4.4.3/bin/node" "/Users/Joesonw/.nvm/versions/node/v4.4.3/bin/npm" "start"
8 error node v4.4.3
9 error npm  v2.15.1
10 error missing script: start
11 error If you need help, you may report this error at:
11 error     <https://github.com/npm/npm/issues>
12 verbose exit [ 1, true ]
